2015-01-28 20:00:25,699 [Worker-0] INFO  o.e.m.c.i.p.ProjectConfigurationManager - Collecting project info '/pom.xml' C:\Workspace7\Title_Validation_CSV\pom.xml
2015-01-28 20:00:30,317 [Worker-0] INFO  o.e.m.c.i.l.LifecycleMappingFactory - Using org.eclipse.m2e.jdt.JarLifecycleMapping lifecycle mapping for MavenProject: core:Title_Validation_CSV:1.1 @ C:\Workspace7\Title_Validation_CSV\pom.xml.
2015-01-28 20:00:30,844 [Worker-1] INFO  o.e.m.c.i.l.LifecycleMappingFactory - Using org.eclipse.m2e.jdt.JarLifecycleMapping lifecycle mapping for MavenProject: core:Title_Validation_CSV:1.1 @ C:\Workspace7\Title_Validation_CSV\pom.xml.
2015-01-28 20:00:32,905 [Worker-0] INFO  o.e.m.j.i.AbstractJavaProjectConfigurator - Adding source folder /Title_Validation_CSV/src/main/java
2015-01-28 20:00:32,917 [Worker-0] INFO  o.e.m.j.i.AbstractJavaProjectConfigurator - Adding source folder /Title_Validation_CSV/src/test/java
2015-01-28 20:00:35,872 [Worker-0] INFO  o.e.m.c.i.p.ProjectConfigurationManager - Imported and configured 1 project(s) in 10 sec
2015-01-28 20:00:37,514 [Worker-1] INFO  o.e.m.c.i.l.LifecycleMappingFactory - Using org.eclipse.m2e.jdt.JarLifecycleMapping lifecycle mapping for MavenProject: core:Title_Validation_CSV:1.1 @ C:\Workspace7\Title_Validation_CSV\pom.xml.
2015-01-28 20:00:37,644 [Worker-1] INFO  o.e.m.c.i.embedder.EclipseLogger - Using 'UTF-8' encoding to copy filtered resources.
2015-01-28 20:00:37,644 [Worker-1] INFO  o.e.m.c.i.embedder.EclipseLogger - skip non existing resourceDirectory C:\Workspace7\Title_Validation_CSV\src\main\resources
2015-01-28 20:00:37,647 [Worker-1] INFO  o.e.m.c.i.embedder.EclipseLogger - Using 'UTF-8' encoding to copy filtered resources.
2015-01-28 20:00:37,647 [Worker-1] INFO  o.e.m.c.i.embedder.EclipseLogger - skip non existing resourceDirectory C:\Workspace7\Title_Validation_CSV\src\test\resources
2015-01-28 20:03:55,707 [Worker-5] INFO  o.e.m.c.i.l.LifecycleMappingFactory - Using org.eclipse.m2e.jdt.JarLifecycleMapping lifecycle mapping for MavenProject: core:Title_Validation_CSV:${build.version} @ C:\Workspace7\Title_Validation_CSV\pom.xml.
2015-01-28 20:03:59,555 [Worker-5] INFO  o.e.m.c.i.embedder.EclipseLogger - Using 'UTF-8' encoding to copy filtered resources.
2015-01-28 20:03:59,556 [Worker-5] INFO  o.e.m.c.i.embedder.EclipseLogger - skip non existing resourceDirectory C:\Workspace7\Title_Validation_CSV\src\main\resources
2015-01-28 20:03:59,558 [Worker-5] INFO  o.e.m.c.i.embedder.EclipseLogger - Using 'UTF-8' encoding to copy filtered resources.
2015-01-28 20:03:59,558 [Worker-5] INFO  o.e.m.c.i.embedder.EclipseLogger - skip non existing resourceDirectory C:\Workspace7\Title_Validation_CSV\src\test\resources
2015-01-28 20:04:02,244 [Worker-5] INFO  o.e.m.c.i.embedder.EclipseLogger - Using 'UTF-8' encoding to copy filtered resources.
2015-01-28 20:04:02,244 [Worker-5] INFO  o.e.m.c.i.embedder.EclipseLogger - skip non existing resourceDirectory C:\Workspace7\Title_Validation_CSV\src\main\resources
2015-01-28 20:04:02,245 [Worker-5] INFO  o.e.m.c.i.embedder.EclipseLogger - Using 'UTF-8' encoding to copy filtered resources.
2015-01-28 20:04:02,246 [Worker-5] INFO  o.e.m.c.i.embedder.EclipseLogger - skip non existing resourceDirectory C:\Workspace7\Title_Validation_CSV\src\test\resources
2015-01-28 20:04:56,618 [Worker-6] INFO  o.e.m.c.i.embedder.EclipseLogger - Using 'UTF-8' encoding to copy filtered resources.
2015-01-28 20:04:56,618 [Worker-6] INFO  o.e.m.c.i.embedder.EclipseLogger - skip non existing resourceDirectory C:\Workspace7\Title_Validation_CSV\src\main\resources
2015-01-28 20:04:56,639 [Worker-6] INFO  o.e.m.c.i.embedder.EclipseLogger - Using 'UTF-8' encoding to copy filtered resources.
2015-01-28 20:04:56,642 [Worker-6] INFO  o.e.m.c.i.embedder.EclipseLogger - skip non existing resourceDirectory C:\Workspace7\Title_Validation_CSV\src\test\resources
2015-01-28 20:04:58,091 [Worker-3] INFO  o.e.m.c.i.embedder.EclipseLogger - Using 'UTF-8' encoding to copy filtered resources.
2015-01-28 20:04:58,091 [Worker-3] INFO  o.e.m.c.i.embedder.EclipseLogger - skip non existing resourceDirectory C:\Workspace7\Title_Validation_CSV\src\main\resources
2015-01-28 20:04:58,094 [Worker-3] INFO  o.e.m.c.i.embedder.EclipseLogger - Using 'UTF-8' encoding to copy filtered resources.
2015-01-28 20:04:58,094 [Worker-3] INFO  o.e.m.c.i.embedder.EclipseLogger - skip non existing resourceDirectory C:\Workspace7\Title_Validation_CSV\src\test\resources
2015-01-28 20:22:15,049 [Worker-0] INFO  o.e.m.c.i.embedder.EclipseLogger - Using 'UTF-8' encoding to copy filtered resources.
2015-01-28 20:22:15,049 [Worker-0] INFO  o.e.m.c.i.embedder.EclipseLogger - skip non existing resourceDirectory C:\Workspace7\Title_Validation_CSV\src\main\resources
2015-01-28 20:22:15,051 [Worker-0] INFO  o.e.m.c.i.embedder.EclipseLogger - Using 'UTF-8' encoding to copy filtered resources.
2015-01-28 20:22:15,052 [Worker-0] INFO  o.e.m.c.i.embedder.EclipseLogger - skip non existing resourceDirectory C:\Workspace7\Title_Validation_CSV\src\test\resources
2015-01-28 20:23:14,536 [Worker-5] INFO  o.e.m.c.i.embedder.EclipseLogger - Using 'UTF-8' encoding to copy filtered resources.
2015-01-28 20:23:14,561 [Worker-5] INFO  o.e.m.c.i.embedder.EclipseLogger - Copying 0 resource
2015-01-28 20:23:14,562 [Worker-5] INFO  o.e.m.c.i.embedder.EclipseLogger - Using 'UTF-8' encoding to copy filtered resources.
2015-01-28 20:23:14,562 [Worker-5] INFO  o.e.m.c.i.embedder.EclipseLogger - skip non existing resourceDirectory C:\Workspace7\Title_Validation_CSV\src\test\resources
2015-01-28 20:23:53,590 [Worker-10] INFO  o.e.m.c.i.embedder.EclipseLogger - Using 'UTF-8' encoding to copy filtered resources.
2015-01-28 20:23:53,591 [Worker-10] INFO  o.e.m.c.i.embedder.EclipseLogger - Copying 1 resource
2015-01-28 20:23:53,612 [Worker-10] INFO  o.e.m.c.i.embedder.EclipseLogger - Using 'UTF-8' encoding to copy filtered resources.
2015-01-28 20:23:53,612 [Worker-10] INFO  o.e.m.c.i.embedder.EclipseLogger - skip non existing resourceDirectory C:\Workspace7\Title_Validation_CSV\src\test\resources
2015-01-28 22:13:06,660 [Worker-13] INFO  o.e.m.c.i.embedder.EclipseLogger - Using 'UTF-8' encoding to copy filtered resources.
2015-01-28 22:13:06,675 [Worker-13] INFO  o.e.m.c.i.embedder.EclipseLogger - Copying 1 resource
2015-01-28 22:13:06,695 [Worker-13] INFO  o.e.m.c.i.embedder.EclipseLogger - Using 'UTF-8' encoding to copy filtered resources.
2015-01-28 22:13:06,696 [Worker-13] INFO  o.e.m.c.i.embedder.EclipseLogger - skip non existing resourceDirectory C:\Workspace7\Title_Validation_CSV\src\test\resources
2015-01-28 22:14:12,911 [Worker-13] INFO  o.e.m.c.i.embedder.EclipseLogger - Using 'UTF-8' encoding to copy filtered resources.
2015-01-28 22:14:12,937 [Worker-13] INFO  o.e.m.c.i.embedder.EclipseLogger - Copying 1 resource
2015-01-28 22:14:12,939 [Worker-13] INFO  o.e.m.c.i.embedder.EclipseLogger - Using 'UTF-8' encoding to copy filtered resources.
2015-01-28 22:14:12,941 [Worker-13] INFO  o.e.m.c.i.embedder.EclipseLogger - skip non existing resourceDirectory C:\Workspace7\Title_Validation_CSV\src\test\resources
2015-01-28 22:18:38,156 [Worker-13] INFO  o.e.m.c.i.embedder.EclipseLogger - Using 'UTF-8' encoding to copy filtered resources.
2015-01-28 22:18:38,159 [Worker-13] INFO  o.e.m.c.i.embedder.EclipseLogger - Copying 1 resource
2015-01-28 22:18:38,162 [Worker-13] INFO  o.e.m.c.i.embedder.EclipseLogger - Using 'UTF-8' encoding to copy filtered resources.
2015-01-28 22:18:38,163 [Worker-13] INFO  o.e.m.c.i.embedder.EclipseLogger - skip non existing resourceDirectory C:\Workspace7\Title_Validation_CSV\src\test\resources
2015-01-28 22:21:49,756 [Worker-15] INFO  o.e.m.c.i.embedder.EclipseLogger - Using 'UTF-8' encoding to copy filtered resources.
2015-01-28 22:21:49,756 [Worker-15] INFO  o.e.m.c.i.embedder.EclipseLogger - Copying 1 resource
2015-01-28 22:21:49,809 [Worker-15] INFO  o.e.m.c.i.embedder.EclipseLogger - Using 'UTF-8' encoding to copy filtered resources.
2015-01-28 22:21:49,809 [Worker-15] INFO  o.e.m.c.i.embedder.EclipseLogger - skip non existing resourceDirectory C:\Workspace7\Title_Validation_CSV\src\test\resources
